0 verbose cli C:\Program Files\nodejs\node.exe C:\Program Files\nodejs\node_modules\npm\bin\npm-cli.js
1 info using npm@9.5.0
2 info using node@v18.14.2
3 timing npm:load:whichnode Completed in 6ms
4 timing config:load:defaults Completed in 6ms
5 timing config:load:file:C:\Program Files\nodejs\node_modules\npm\npmrc Completed in 6ms
6 timing config:load:builtin Completed in 6ms
7 timing config:load:cli Completed in 7ms
8 timing config:load:env Completed in 2ms
9 timing config:load:file:E:\reactboilerplate\newreactproject\.npmrc Completed in 1ms
10 timing config:load:project Completed in 4ms
11 timing config:load:file:C:\Users\NaViN\.npmrc Completed in 1ms
12 timing config:load:user Completed in 1ms
13 timing config:load:file:C:\Users\NaViN\AppData\Roaming\npm\etc\npmrc Completed in 0ms
14 timing config:load:global Completed in 1ms
15 timing config:load:setEnvs Completed in 4ms
16 timing config:load Completed in 35ms
17 timing npm:load:configload Completed in 35ms
18 timing npm:load:mkdirpcache Completed in 1ms
19 timing npm:load:mkdirplogs Completed in 1ms
20 verbose title npm
21 verbose argv "--cache" "--force"
22 timing npm:load:setTitle Completed in 4ms
23 timing config:load:flatten Completed in 12ms
24 timing npm:load:display Completed in 15ms
25 verbose logfile logs-max:10 dir:E:\reactboilerplate\newreactproject\--force\_logs\2023-10-06T06_53_31_709Z-
26 verbose logfile E:\reactboilerplate\newreactproject\--force\_logs\2023-10-06T06_53_31_709Z-debug-0.log
27 timing npm:load:logFile Completed in 21ms
28 timing npm:load:timers Completed in 0ms
29 timing npm:load:configScope Completed in 0ms
30 timing npm:load Completed in 84ms
31 verbose exit 0
32 timing npm Completed in 119ms
33 verbose code 1
